<?xml version="1.0" encoding="UTF-8"?>
<!-- Generated by org.testng.reporters.JUnitReportReporter -->
<testsuite hostname="Harikrishnan" failures="0" tests="3" name="com.TestNG.SimpleAnnotations" time="0.005" errors="0" timestamp="2024-11-18T14:16:55 IST" skipped="0">
  <testcase classname="com.TestNG.SimpleAnnotations" name="men" time="0.001"/>
  <system-out/>
  <testcase classname="com.TestNG.SimpleAnnotations" name="kids" time="0.002"/>
  <system-out/>
  <testcase classname="com.TestNG.SimpleAnnotations" name="women" time="0.002"/>
  <system-out/>
</testsuite> <!-- com.TestNG.SimpleAnnotations -->
