<?xml version="1.0" encoding="UTF-8"?>
<!-- Generated by org.testng.reporters.JUnitReportReporter -->
<testsuite hostname="Harikrishnan" failures="0" tests="3" name="com.TestNG.CrossBrowserTesting" time="23.716" errors="0" timestamp="2024-11-18T14:16:55 IST" skipped="0">
  <testcase classname="com.TestNG.CrossBrowserTesting" name="firefoxBrowser" time="13.558"/>
  <system-out/>
  <testcase classname="com.TestNG.CrossBrowserTesting" name="edgeBrowser" time="5.855"/>
  <system-out/>
  <testcase classname="com.TestNG.CrossBrowserTesting" name="chromeBrowser" time="4.303"/>
  <system-out/>
</testsuite> <!-- com.TestNG.CrossBrowserTesting -->
